<?xml version="1.0" encoding="UTF-8"?>
<coverage generated="1708370570711" clover="3.2.0">
  <project timestamp="1708370570712" name="All files">
    <metrics statements="14" coveredstatements="13" conditionals="4" coveredconditionals="2" methods="5" coveredmethods="4" elements="23" coveredelements="19" complexity="0" loc="14" ncloc="14" packages="3" files="4" classes="4"/>
    <package name="src">
      <metrics statements="1" coveredstatements="1" conditionals="0" coveredconditionals="0" methods="1" coveredmethods="1"/>
      <file name="sum.js" path="C:\Users\DenisFedotov\ProItCourseToolsJavaScript\src\sum.js">
        <metrics statements="1" coveredstatements="1" conditionals="0" coveredconditionals="0" methods="1" coveredmethods="1"/>
        <line num="2" count="1" type="stmt"/>
      </file>
    </package>
    <package name="src.component">
      <metrics statements="12" coveredstatements="11" conditionals="4" coveredconditionals="2" methods="4" coveredmethods="3"/>
      <file name="CounterOld1.jsx" path="C:\Users\DenisFedotov\ProItCourseToolsJavaScript\src\component\CounterOld1.jsx">
        <metrics statements="7" coveredstatements="6" conditionals="0" coveredconditionals="0" methods="3" coveredmethods="2"/>
        <line num="4" count="4" type="stmt"/>
        <line num="5" count="3" type="stmt"/>
        <line num="7" count="3" type="stmt"/>
        <line num="8" count="1" type="stmt"/>
        <line num="11" count="3" type="stmt"/>
        <line num="12" count="0" type="stmt"/>
        <line num="15" count="3" type="stmt"/>
      </file>
      <file name="joke.jsx" path="C:\Users\DenisFedotov\ProItCourseToolsJavaScript\src\component\joke.jsx">
        <metrics statements="5" coveredstatements="5" conditionals="4" coveredconditionals="2" methods="1" coveredmethods="1"/>
        <line num="7" count="1" type="stmt"/>
        <line num="8" count="1" type="stmt"/>
        <line num="12" count="1" type="cond" truecount="1" falsecount="1"/>
        <line num="13" count="1" type="cond" truecount="1" falsecount="1"/>
        <line num="15" count="1" type="stmt"/>
      </file>
    </package>
    <package name="src.context">
      <metrics statements="1" coveredstatements="1" conditionals="0" coveredconditionals="0" methods="0" coveredmethods="0"/>
      <file name="user.js" path="C:\Users\DenisFedotov\ProItCourseToolsJavaScript\src\context\user.js">
        <metrics statements="1" coveredstatements="1" conditionals="0" coveredconditionals="0" methods="0" coveredmethods="0"/>
        <line num="3" count="1" type="stmt"/>
      </file>
    </package>
  </project>
</coverage>
