{"C:\\Users\\DenisFedotov\\ProItCourseToolsJavaScript\\src\\sum.js": {"path":"C:\\Users\\DenisFedotov\\ProItCourseToolsJavaScript\\src\\sum.js","statementMap":{"0":{"start":{"line":2,"column":2},"end":{"line":2,"column":15}}},"fnMap":{"0":{"name":"multiply","decl":{"start":{"line":1,"column":9},"end":{"line":1,"column":17}},"loc":{"start":{"line":1,"column":24},"end":{"line":3,"column":1}},"line":1}},"branchMap":{},"s":{"0":1},"f":{"0":1},"b":{},"_coverageSchema":"1a1c01bbd47fc00a2c39e90264f33305004495a9","hash":"f239f03aac0de7097a084ec2d9aacba2d7a63f70"}
,"C:\\Users\\DenisFedotov\\ProItCourseToolsJavaScript\\src\\component\\CounterOld1.jsx": {"path":"C:\\Users\\DenisFedotov\\ProItCourseToolsJavaScript\\src\\component\\CounterOld1.jsx","statementMap":{"0":{"start":{"line":4,"column":28},"end":{"line":4,"column":39}},"1":{"start":{"line":5,"column":46},"end":{"line":5,"column":57}},"2":{"start":{"line":7,"column":20},"end":{"line":9,"column":3}},"3":{"start":{"line":8,"column":4},"end":{"line":8,"column":24}},"4":{"start":{"line":11,"column":20},"end":{"line":13,"column":3}},"5":{"start":{"line":12,"column":4},"end":{"line":12,"column":42}},"6":{"start":{"line":15,"column":2},"end":{"line":23,"column":4}}},"fnMap":{"0":{"name":"CounterOld1","decl":{"start":{"line":3,"column":9},"end":{"line":3,"column":20}},"loc":{"start":{"line":3,"column":23},"end":{"line":24,"column":1}},"line":3},"1":{"name":"(anonymous_1)","decl":{"start":{"line":7,"column":20},"end":{"line":7,"column":21}},"loc":{"start":{"line":7,"column":26},"end":{"line":9,"column":3}},"line":7},"2":{"name":"(anonymous_2)","decl":{"start":{"line":11,"column":20},"end":{"line":11,"column":21}},"loc":{"start":{"line":11,"column":26},"end":{"line":13,"column":3}},"line":11}},"branchMap":{},"s":{"0":4,"1":3,"2":3,"3":1,"4":3,"5":0,"6":3},"f":{"0":4,"1":1,"2":0},"b":{},"_coverageSchema":"1a1c01bbd47fc00a2c39e90264f33305004495a9","hash":"2e6947770aaa82777b8f6aa6f96f76589b079568"}
,"C:\\Users\\DenisFedotov\\ProItCourseToolsJavaScript\\src\\component\\joke.jsx": {"path":"C:\\Users\\DenisFedotov\\ProItCourseToolsJavaScript\\src\\component\\joke.jsx","statementMap":{"0":{"start":{"line":7,"column":15},"end":{"line":7,"column":38}},"1":{"start":{"line":8,"column":35},"end":{"line":10,"column":3}},"2":{"start":{"line":12,"column":2},"end":{"line":12,"column":53}},"3":{"start":{"line":12,"column":15},"end":{"line":12,"column":53}},"4":{"start":{"line":13,"column":2},"end":{"line":13,"column":50}},"5":{"start":{"line":13,"column":13},"end":{"line":13,"column":50}},"6":{"start":{"line":15,"column":2},"end":{"line":20,"column":4}}},"fnMap":{"0":{"name":"Joke","decl":{"start":{"line":6,"column":9},"end":{"line":6,"column":13}},"loc":{"start":{"line":6,"column":16},"end":{"line":21,"column":1}},"line":6}},"branchMap":{"0":{"loc":{"start":{"line":12,"column":2},"end":{"line":12,"column":53}},"type":"if","locations":[{"start":{"line":12,"column":2},"end":{"line":12,"column":53}},{"start":{},"end":{}}],"line":12},"1":{"loc":{"start":{"line":13,"column":2},"end":{"line":13,"column":50}},"type":"if","locations":[{"start":{"line":13,"column":2},"end":{"line":13,"column":50}},{"start":{},"end":{}}],"line":13}},"s":{"0":1,"1":1,"2":1,"3":0,"4":1,"5":0,"6":1},"f":{"0":1},"b":{"0":[0,1],"1":[0,1]},"_coverageSchema":"1a1c01bbd47fc00a2c39e90264f33305004495a9","hash":"f29c3c845782d9cb9d512558470248fe13df9b73"}
,"C:\\Users\\DenisFedotov\\ProItCourseToolsJavaScript\\src\\context\\user.js": {"path":"C:\\Users\\DenisFedotov\\ProItCourseToolsJavaScript\\src\\context\\user.js","statementMap":{"0":{"start":{"line":3,"column":20},"end":{"line":3,"column":35}}},"fnMap":{},"branchMap":{},"s":{"0":1},"f":{},"b":{},"_coverageSchema":"1a1c01bbd47fc00a2c39e90264f33305004495a9","hash":"026e51d680dcc51529b3f9432b14dfe07c292502"}
}
