TN:
SF:src\sum.js
FN:1,multiply
FNF:1
FNH:1
FNDA:1,multiply
DA:2,1
LF:1
LH:1
BRF:0
BRH:0
end_of_record
TN:
SF:src\component\CounterOld1.jsx
FN:3,CounterOld1
FN:7,(anonymous_1)
FN:11,(anonymous_2)
FNF:3
FNH:2
FNDA:4,CounterOld1
FNDA:1,(anonymous_1)
FNDA:0,(anonymous_2)
DA:4,4
DA:5,3
DA:7,3
DA:8,1
DA:11,3
DA:12,0
DA:15,3
LF:7
LH:6
BRF:0
BRH:0
end_of_record
TN:
SF:src\component\joke.jsx
FN:6,Joke
FNF:1
FNH:1
FNDA:1,Joke
DA:7,1
DA:8,1
DA:12,1
DA:13,1
DA:15,1
LF:5
LH:5
BRDA:12,0,0,0
BRDA:12,0,1,1
BRDA:13,1,0,0
BRDA:13,1,1,1
BRF:4
BRH:2
end_of_record
TN:
SF:src\context\user.js
FNF:0
FNH:0
DA:3,1
LF:1
LH:1
BRF:0
BRH:0
end_of_record
